<?xml version="1.0" encoding="UTF-8"?>
<!-- Generated by org.testng.reporters.JUnitReportReporter -->
<testsuite hostname="DESKTOP-93K3C4K" failures="0" tests="2" name="testScript.RegisterPageTest" time="78.154" errors="0" timestamp="2024-09-01T02:46:10 IST" skipped="0">
  <testcase classname="testScript.RegisterPageTest" name="verifyUserLoginWithNewlyAddedUser" time="44.319"/>
  <testcase classname="testScript.RegisterPageTest" name="VerifyRegisterPage" time="33.835"/>
</testsuite> <!-- testScript.RegisterPageTest -->
