<?xml version="1.0" encoding="UTF-8"?>
<!-- Generated by org.testng.reporters.JUnitReportReporter -->
<testsuite hostname="DESKTOP-93K3C4K" failures="0" tests="1" name="testScript.RegisterPageTest" time="55.307" errors="0" timestamp="2024-08-31T01:10:47 IST" skipped="0">
  <testcase classname="testScript.RegisterPageTest" name="VerifyRegisterPage" time="55.307"/>
</testsuite> <!-- testScript.RegisterPageTest -->
