<?xml version="1.0" encoding="UTF-8"?>
<!-- Generated by org.testng.reporters.JUnitReportReporter -->
<testsuite hostname="DESKTOP-93K3C4K" failures="0" tests="1" name="testScript.RolesPageTest" time="57.925" errors="0" timestamp="2024-08-23T01:57:47 IST" skipped="0">
  <testcase classname="testScript.RolesPageTest" name="verifyRoleEdit" time="57.925"/>
</testsuite> <!-- testScript.RolesPageTest -->
