<?xml version="1.0" encoding="UTF-8"?>
<!-- Generated by org.testng.reporters.JUnitReportReporter -->
<testsuite hostname="DESKTOP-93K3C4K" failures="0" tests="1" name="testScript.ResetPageTest" time="27.285" errors="0" timestamp="2024-08-22T02:40:53 IST" skipped="0">
  <testcase classname="testScript.ResetPageTest" name="verifyPasswordResetWithValidMailId" time="27.285"/>
</testsuite> <!-- testScript.ResetPageTest -->
