<?xml version="1.0" encoding="UTF-8"?>
<!-- Generated by org.testng.reporters.JUnitReportReporter -->
<testsuite hostname="DESKTOP-93K3C4K" failures="0" tests="1" name="testScript.LoginPageTest" time="37.583" errors="0" timestamp="2024-08-30T22:20:37 IST" skipped="0">
  <testcase classname="testScript.LoginPageTest" name="verifyValidUsercredential" time="37.583"/>
</testsuite> <!-- testScript.LoginPageTest -->
