<?xml version="1.0" encoding="UTF-8"?>
<!-- Generated by org.testng.reporters.JUnitReportReporter -->
<testsuite hostname="DESKTOP-93K3C4K" failures="0" tests="2" name="testScript.ResetPageTest" time="101.724" errors="0" timestamp="2024-09-01T03:43:00 IST" skipped="0">
  <testcase classname="testScript.ResetPageTest" name="verifyPasswordResetWithValidMailId" time="60.219"/>
  <testcase classname="testScript.ResetPageTest" name="verifyPasswordResetWithInvalidMailId" time="41.505"/>
</testsuite> <!-- testScript.ResetPageTest -->
