<?xml version="1.0" encoding="UTF-8"?>
<!-- Generated by org.testng.reporters.JUnitReportReporter -->
<testsuite hostname="DESKTOP-93K3C4K" failures="0" tests="1" name="testScript.DeleteProfileTest" time="63.182" errors="0" timestamp="2024-09-06T16:44:29 IST" skipped="0">
  <testcase classname="testScript.DeleteProfileTest" name="verifyDeleteNewlyAddedUser" time="63.182"/>
</testsuite> <!-- testScript.DeleteProfileTest -->
