<?xml version="1.0" encoding="UTF-8"?>
<!-- Generated by org.testng.reporters.JUnitReportReporter -->
<testsuite hostname="DESKTOP-93K3C4K" failures="0" tests="1" name="testScript.ProductsImportTest" time="37.894" errors="0" timestamp="2024-09-01T01:10:49 IST" skipped="0">
  <testcase classname="testScript.ProductsImportTest" name="verifyImportWithUploadingFile" time="37.894"/>
</testsuite> <!-- testScript.ProductsImportTest -->
