<?xml version="1.0" encoding="UTF-8"?>
<!-- Generated by org.testng.reporters.JUnitReportReporter -->
<testsuite hostname="DESKTOP-93K3C4K" failures="0" tests="4" name="testScript.LoginPageTest" time="78.330" errors="0" timestamp="2024-09-01T03:27:00 IST" skipped="0">
  <testcase classname="testScript.LoginPageTest" name="verifyErrorMessageWithInvalidCredentials" time="16.644"/>
  <testcase classname="testScript.LoginPageTest" name="verifyErrorMessageWithInvalidCredentials" time="18.401"/>
  <testcase classname="testScript.LoginPageTest" name="verifyValidUsercredential" time="25.337"/>
  <testcase classname="testScript.LoginPageTest" name="verifyErrorMessageWithInvalidCredentials" time="17.948"/>
</testsuite> <!-- testScript.LoginPageTest -->
