<?xml version="1.0" encoding="UTF-8"?>
<!-- Generated by org.testng.reporters.JUnitReportReporter -->
<testsuite hostname="DESKTOP-93K3C4K" failures="0" tests="1" name="testScript.HomePageTest" time="26.000" errors="0" timestamp="2024-08-30T02:09:39 IST" skipped="0">
  <testcase classname="testScript.HomePageTest" name="verifyUserloginDate" time="26.000"/>
</testsuite> <!-- testScript.HomePageTest -->
