<?xml version="1.0" encoding="UTF-8"?>
<!-- Generated by org.testng.reporters.JUnitReportReporter -->
<testsuite hostname="DESKTOP-93K3C4K" failures="0" tests="2" name="testScript.HomePageTest" time="60.651" errors="0" timestamp="2024-09-01T03:18:00 IST" skipped="0">
  <testcase classname="testScript.HomePageTest" name="verifyUserloginDate" time="22.377"/>
  <testcase classname="testScript.HomePageTest" name="verifyHomePageTitle" time="38.274"/>
</testsuite> <!-- testScript.HomePageTest -->
