<?xml version="1.0" encoding="UTF-8"?>
<!-- Generated by org.testng.reporters.JUnitReportReporter -->
<testsuite hostname="DESKTOP-93K3C4K" failures="0" tests="1" name="testScript.ResetPageTest" time="26.015" errors="0" timestamp="2024-08-30T22:22:56 IST" skipped="0">
  <testcase classname="testScript.ResetPageTest" name="verifyPasswordResetWithValidMailId" time="26.015"/>
</testsuite> <!-- testScript.ResetPageTest -->
