<?xml version="1.0" encoding="UTF-8"?>
<!-- Generated by org.testng.reporters.JUnitReportReporter -->
<testsuite hostname="DESKTOP-93K3C4K" failures="0" tests="1" name="testScript.LoginPageTest" time="29.478" errors="0" timestamp="2024-08-21T20:52:55 IST" skipped="0">
  <testcase classname="testScript.LoginPageTest" name="verifyPasswordResetWithInvalidMailId" time="29.478"/>
</testsuite> <!-- testScript.LoginPageTest -->
