<?xml version="1.0" encoding="UTF-8"?>
<!-- Generated by org.testng.reporters.JUnitReportReporter -->
<testsuite hostname="DESKTOP-93K3C4K" failures="0" tests="1" name="testScript.EditProfileTest" time="33.207" errors="0" timestamp="2024-09-01T02:46:10 IST" skipped="0">
  <testcase classname="testScript.EditProfileTest" name="verifyProfileEdit" time="33.207"/>
</testsuite> <!-- testScript.EditProfileTest -->
