<?xml version="1.0" encoding="UTF-8"?>
<!-- Generated by org.testng.reporters.JUnitReportReporter -->
<testsuite hostname="DESKTOP-93K3C4K" failures="0" tests="1" name="testScript.HomePageTest" time="26.562" errors="0" timestamp="2024-08-30T22:22:16 IST" skipped="0">
  <testcase classname="testScript.HomePageTest" name="verifyHomePageTitle" time="26.562"/>
</testsuite> <!-- testScript.HomePageTest -->
