<?xml version="1.0" encoding="UTF-8"?>
<!-- Generated by org.testng.reporters.JUnitReportReporter -->
<testsuite hostname="DESKTOP-93K3C4K" failures="0" tests="1" name="testScript.EditProfileTest" time="117.687" errors="0" timestamp="2024-09-04T23:32:19 IST" skipped="0">
  <testcase classname="testScript.EditProfileTest" name="verifyProfileEdit" time="117.687"/>
</testsuite> <!-- testScript.EditProfileTest -->
